<?xml version="1.0" encoding="UTF-8"?>
<testsuite xmlns:xsi="http://www.w3.org/2001/XMLSchema-instance" xsi:noNamespaceSchemaLocation="https://maven.apache.org/surefire/maven-surefire-plugin/xsd/surefire-test-report.xsd" name="com.jpinon.challenge.recruiting_javier_pinon.domain.AnagramDictionaryTest" time="0.001" tests="9" errors="0" skipped="0" failures="0">
  <properties>
    <property name="sun.desktop" value="gnome"/>
    <property name="awt.toolkit" value="sun.awt.X11.XToolkit"/>
    <property name="java.specification.version" value="11"/>
    <property name="sun.cpu.isalist" value=""/>
    <property name="sun.jnu.encoding" value="UTF-8"/>
    <property name="java.class.path" value="/home/jpinon/test-repositories/recruiting-javier-pinon/target/test-classes:/home/jpinon/test-repositories/recruiting-javier-pinon/target/classes:/home/jpinon/.m2/repository/junit/junit/4.12/junit-4.12.jar:/home/jpinon/.m2/repository/org/hamcrest/hamcrest-core/2.2/hamcrest-core-2.2.jar:/home/jpinon/.m2/repository/org/hamcrest/hamcrest/2.2/hamcrest-2.2.jar:/home/jpinon/.m2/repository/org/mockito/mockito-all/1.10.19/mockito-all-1.10.19.jar:"/>
    <property name="java.vm.vendor" value="Oracle Corporation"/>
    <property name="sun.arch.data.model" value="64"/>
    <property name="java.vendor.url" value="http://java.oracle.com/"/>
    <property name="user.timezone" value=""/>
    <property name="java.vm.specification.version" value="11"/>
    <property name="os.name" value="Linux"/>
    <property name="sun.java.launcher" value="SUN_STANDARD"/>
    <property name="user.country" value="GB"/>
    <property name="sun.boot.library.path" value="/home/jpinon/.sdkman/candidates/java/11.0.2-open/lib"/>
    <property name="sun.java.command" value="/home/jpinon/test-repositories/recruiting-javier-pinon/target/surefire/surefirebooter16083321308884396916.jar /home/jpinon/test-repositories/recruiting-javier-pinon/target/surefire 2021-06-28T13-43-05_525-jvmRun1 surefire12090600994643678098tmp surefire_08212587121461593045tmp"/>
    <property name="jdk.debug" value="release"/>
    <property name="surefire.test.class.path" value="/home/jpinon/test-repositories/recruiting-javier-pinon/target/test-classes:/home/jpinon/test-repositories/recruiting-javier-pinon/target/classes:/home/jpinon/.m2/repository/junit/junit/4.12/junit-4.12.jar:/home/jpinon/.m2/repository/org/hamcrest/hamcrest-core/2.2/hamcrest-core-2.2.jar:/home/jpinon/.m2/repository/org/hamcrest/hamcrest/2.2/hamcrest-2.2.jar:/home/jpinon/.m2/repository/org/mockito/mockito-all/1.10.19/mockito-all-1.10.19.jar:"/>
    <property name="sun.cpu.endian" value="little"/>
    <property name="user.home" value="/home/jpinon"/>
    <property name="user.language" value="en"/>
    <property name="java.specification.vendor" value="Oracle Corporation"/>
    <property name="java.version.date" value="2019-01-15"/>
    <property name="java.home" value="/home/jpinon/.sdkman/candidates/java/11.0.2-open"/>
    <property name="file.separator" value="/"/>
    <property name="basedir" value="/home/jpinon/test-repositories/recruiting-javier-pinon"/>
    <property name="java.vm.compressedOopsMode" value="Zero based"/>
    <property name="line.separator" value="&#10;"/>
    <property name="java.specification.name" value="Java Platform API Specification"/>
    <property name="java.vm.specification.vendor" value="Oracle Corporation"/>
    <property name="java.awt.graphicsenv" value="sun.awt.X11GraphicsEnvironment"/>
    <property name="surefire.real.class.path" value="/home/jpinon/test-repositories/recruiting-javier-pinon/target/surefire/surefirebooter16083321308884396916.jar"/>
    <property name="sun.management.compiler" value="HotSpot 64-Bit Tiered Compilers"/>
    <property name="java.runtime.version" value="11.0.2+9"/>
    <property name="user.name" value="jpinon"/>
    <property name="path.separator" value=":"/>
    <property name="os.version" value="4.15.0-36-generic"/>
    <property name="java.runtime.name" value="OpenJDK Runtime Environment"/>
    <property name="file.encoding" value="UTF-8"/>
    <property name="java.vm.name" value="OpenJDK 64-Bit Server VM"/>
    <property name="java.vendor.version" value="18.9"/>
    <property name="localRepository" value="/home/jpinon/.m2/repository"/>
    <property name="java.vendor.url.bug" value="http://bugreport.java.com/bugreport/"/>
    <property name="java.io.tmpdir" value="/tmp"/>
    <property name="java.version" value="11.0.2"/>
    <property name="user.dir" value="/home/jpinon/test-repositories/recruiting-javier-pinon"/>
    <property name="os.arch" value="amd64"/>
    <property name="java.vm.specification.name" value="Java Virtual Machine Specification"/>
    <property name="java.awt.printerjob" value="sun.print.PSPrinterJob"/>
    <property name="sun.os.patch.level" value="unknown"/>
    <property name="java.library.path" value="/usr/java/packages/lib:/usr/lib64:/lib64:/lib:/usr/lib"/>
    <property name="java.vendor" value="Oracle Corporation"/>
    <property name="java.vm.info" value="mixed mode"/>
    <property name="java.vm.version" value="11.0.2+9"/>
    <property name="sun.io.unicode.encoding" value="UnicodeLittle"/>
    <property name="java.class.version" value="55.0"/>
  </properties>
  <testcase name="whenWordIsEmpty_thenEmptyIsReturned" classname="com.jpinon.challenge.recruiting_javier_pinon.domain.AnagramDictionaryTest" time="0"/>
  <testcase name="whenTheresAnAnagramInDictionary_thenIsReturned" classname="com.jpinon.challenge.recruiting_javier_pinon.domain.AnagramDictionaryTest" time="0"/>
  <testcase name="whenThereIsAnAnagramInDictionaryAndIgnoredWordsIsEmpty_thenIsReturned" classname="com.jpinon.challenge.recruiting_javier_pinon.domain.AnagramDictionaryTest" time="0"/>
  <testcase name="whenSameWordIsInDictionaryAndAlsoInIgnoredWordsButThereIsAnAlternativeAnagram_thenAlternativeIsReturned" classname="com.jpinon.challenge.recruiting_javier_pinon.domain.AnagramDictionaryTest" time="0"/>
  <testcase name="whenWordIsNull_thenIllegalArgumentException" classname="com.jpinon.challenge.recruiting_javier_pinon.domain.AnagramDictionaryTest" time="0"/>
  <testcase name="whenIgnoredWordsIsNull_thenIllegalArgumentException" classname="com.jpinon.challenge.recruiting_javier_pinon.domain.AnagramDictionaryTest" time="0"/>
  <testcase name="whenSameWordIsInDictionaryAndAlsoInIgnoredWordsAndThereIsNoAlternativeAnagram_thenEmptyIsReturned" classname="com.jpinon.challenge.recruiting_javier_pinon.domain.AnagramDictionaryTest" time="0"/>
  <testcase name="whenThereIsNoAnagramInDictionary_thenEmptyIsReturned" classname="com.jpinon.challenge.recruiting_javier_pinon.domain.AnagramDictionaryTest" time="0"/>
  <testcase name="whenDictionaryIsEmpty_thenEmptyIsReturned" classname="com.jpinon.challenge.recruiting_javier_pinon.domain.AnagramDictionaryTest" time="0"/>
</testsuite>